<?xml version="1.0" encoding="UTF-8"?>
<!-- Generated by org.testng.reporters.JUnitXMLReporter -->
<testsuite hostname="LAPTOP-GDP44H0U" ignored="0" name="Default test" tests="3" failures="0" timestamp="2020-04-16T09:42:17 IST" time="33.564" errors="0">
  <testcase name="a_navigateToPage" time="14.63" classname="MyProj.GroupEx"/>
  <testcase name="c_loginToURL" time="6.602" classname="MyProj.GroupEx"/>
  <testcase name="d_verifyLogIn" time="0.148" classname="MyProj.GroupEx"/>
</testsuite> <!-- Default test -->
