<?xml version="1.0" encoding="UTF-8"?>
<!-- Generated by org.testng.reporters.JUnitXMLReporter -->
<testsuite hostname="LAPTOP-GDP44H0U" ignored="0" name="Test" tests="7" failures="0" timestamp="2020-04-16T13:03:41 IST" time="99.591" errors="0">
  <testcase name="a_navigateToPage" time="58.594" classname="MyProj.GroupEx"/>
  <testcase name="c_loginToURL" time="18.432" classname="MyProj.GroupEx"/>
  <testcase name="d_verifyLogIn" time="0.079" classname="MyProj.GroupEx"/>
  <testcase name="a_f" time="0.001" classname="MyProj.Grouping"/>
  <testcase name="b_f" time="0.0" classname="MyProj.Grouping"/>
  <testcase name="c_f" time="0.003" classname="MyProj.Grouping"/>
  <testcase name="d_f" time="0.001" classname="MyProj.Grouping"/>
</testsuite> <!-- Test -->
