<?xml version="1.0" encoding="UTF-8"?>
<!-- Generated by org.testng.reporters.JUnitXMLReporter -->
<testsuite hostname="LAPTOP-GDP44H0U" ignored="0" name="Test" tests="7" failures="0" timestamp="2020-04-16T14:57:49 IST" time="93.416" errors="0">
  <testcase name="@BeforeTest setUpBrowser" time="92.027" classname="MyProj.GroupEx">
    <failure type="org.openqa.selenium.remote.UnreachableBrowserException" message="Could not start a new session. Possible causes are invalid address of the remote server or browser start-up failure.
Build info: version: &amp;apos;4.0.0-alpha-4&amp;apos;, revision: &amp;apos;c2d955b49e&amp;apos;
System info: host: &amp;apos;LAPTOP-GDP44H0U&amp;apos;, ip: &amp;apos;192.168.43.244&amp;apos;, os.name: &amp;apos;Windows 10&amp;apos;, os.arch: &amp;apos;amd64&amp;apos;, os.version: &amp;apos;10.0&amp;apos;, java.version: &amp;apos;1.8.0_171&amp;apos;
Driver info: driver.version: FirefoxDriver">
      <![CDATA[org.openqa.selenium.remote.UnreachableBrowserException: Could not start a new session. Possible causes are invalid address of the remote server or browser start-up failure.
Build info: version: '4.0.0-alpha-4', revision: 'c2d955b49e'
System info: host: 'LAPTOP-GDP44H0U', ip: '192.168.43.244', os.name: 'Windows 10', os.arch: 'amd64', os.version: '10.0', java.version: '1.8.0_171'
Driver info: driver.version: FirefoxDriver
at org.openqa.selenium.remote.RemoteWebDriver.execute(RemoteWebDriver.java:603)
at org.openqa.selenium.remote.RemoteWebDriver.startSession(RemoteWebDriver.java:216)
at org.openqa.selenium.remote.RemoteWebDriver.<init>(RemoteWebDriver.java:136)
at org.openqa.selenium.firefox.FirefoxDriver.<init>(FirefoxDriver.java:168)
at org.openqa.selenium.firefox.FirefoxDriver.<init>(FirefoxDriver.java:156)
at org.openqa.selenium.firefox.FirefoxDriver.<init>(FirefoxDriver.java:134)
at MyProj.GroupEx.setUpBrowser(GroupEx.java:49)
Caused by: java.lang.RuntimeException: NettyHttpHandler request execution error
at org.openqa.selenium.remote.http.netty.NettyHttpHandler.makeCall(NettyHttpHandler.java:61)
at org.openqa.selenium.remote.http.AddSeleniumUserAgent.lambda$apply$0(AddSeleniumUserAgent.java:42)
at org.openqa.selenium.remote.http.Filter.lambda$andFinally$1(Filter.java:55)
at org.openqa.selenium.remote.http.netty.NettyHttpHandler.execute(NettyHttpHandler.java:45)
at org.openqa.selenium.remote.http.AddSeleniumUserAgent.lambda$apply$0(AddSeleniumUserAgent.java:42)
at org.openqa.selenium.remote.http.Filter.lambda$andFinally$1(Filter.java:55)
at org.openqa.selenium.remote.http.netty.NettyClient.execute(NettyClient.java:43)
at org.openqa.selenium.remote.ProtocolHandshake.createSession(ProtocolHandshake.java:105)
at org.openqa.selenium.remote.ProtocolHandshake.createSession(ProtocolHandshake.java:75)
at org.openqa.selenium.remote.HttpCommandExecutor.execute(HttpCommandExecutor.java:139)
at org.openqa.selenium.remote.service.DriverCommandExecutor.execute(DriverCommandExecutor.java:83)
at org.openqa.selenium.remote.RemoteWebDriver.execute(RemoteWebDriver.java:582)
... 34 more
Caused by: java.util.concurrent.ExecutionException: java.util.concurrent.TimeoutException: Request timeout to localhost/127.0.0.1:34299 after 60000 ms
at java.util.concurrent.CompletableFuture.reportGet(CompletableFuture.java:357)
at java.util.concurrent.CompletableFuture.get(CompletableFuture.java:1895)
at org.asynchttpclient.netty.NettyResponseFuture.get(NettyResponseFuture.java:201)
at org.openqa.selenium.remote.http.netty.NettyHttpHandler.makeCall(NettyHttpHandler.java:55)
... 45 more
Caused by: java.util.concurrent.TimeoutException: Request timeout to localhost/127.0.0.1:34299 after 60000 ms
at org.asynchttpclient.netty.timeout.TimeoutTimerTask.expire(TimeoutTimerTask.java:43)
at org.asynchttpclient.netty.timeout.RequestTimeoutTimerTask.run(RequestTimeoutTimerTask.java:50)
at io.netty.util.HashedWheelTimer$HashedWheelTimeout.expire(HashedWheelTimer.java:680)
at io.netty.util.HashedWheelTimer$HashedWheelBucket.expireTimeouts(HashedWheelTimer.java:755)
at io.netty.util.HashedWheelTimer$Worker.run(HashedWheelTimer.java:483)
at io.netty.util.concurrent.FastThreadLocalRunnable.run(FastThreadLocalRunnable.java:30)
at java.lang.Thread.run(Thread.java:748)
... Removed 28 stack frames]]>
    </failure>
  </testcase> <!-- @BeforeTest setUpBrowser -->
  <testcase name="@AfterTest quitPage" time="-1.587029268696E9" classname="MyProj.GroupEx">
    <skipped/>
  </testcase> <!-- @AfterTest quitPage -->
  <testcase name="a_navigateToPage" time="0.0" classname="MyProj.GroupEx">
    <skipped/>
  </testcase> <!-- a_navigateToPage -->
  <testcase name="c_loginToURL" time="0.0" classname="MyProj.GroupEx">
    <skipped/>
  </testcase> <!-- c_loginToURL -->
  <testcase name="d_verifyLogIn" time="0.0" classname="MyProj.GroupEx">
    <skipped/>
  </testcase> <!-- d_verifyLogIn -->
  <testcase name="a_f" time="0.0" classname="MyProj.Grouping">
    <skipped/>
  </testcase> <!-- a_f -->
  <testcase name="b_f" time="0.0" classname="MyProj.Grouping">
    <skipped/>
  </testcase> <!-- b_f -->
  <testcase name="c_f" time="0.0" classname="MyProj.Grouping">
    <skipped/>
  </testcase> <!-- c_f -->
  <testcase name="d_f" time="0.0" classname="MyProj.Grouping">
    <skipped/>
  </testcase> <!-- d_f -->
</testsuite> <!-- Test -->
